c:\users\greg\source\repos\projet1\projet1\debug\vc141.pdb
c:\users\greg\source\repos\projet1\projet1\debug\precisiontimer.obj
c:\users\greg\source\repos\projet1\projet1\debug\myform1.obj
c:\users\greg\source\repos\projet1\projet1\debug\modificationagents.obj
c:\users\greg\source\repos\projet1\projet1\debug\minerswifeownedstates.obj
c:\users\greg\source\repos\projet1\projet1\debug\minerswife.obj
c:\users\greg\source\repos\projet1\projet1\debug\minerownedstates.obj
c:\users\greg\source\repos\projet1\projet1\debug\miner.obj
c:\users\greg\source\repos\projet1\projet1\debug\messagedispatcher.obj
c:\users\greg\source\repos\projet1\projet1\debug\entitymanager.obj
c:\users\greg\source\repos\projet1\projet1\debug\drunkownedstates.obj
c:\users\greg\source\repos\projet1\projet1\debug\drunk.obj
c:\users\greg\source\repos\projet1\projet1\debug\crudetimer.obj
c:\users\greg\source\repos\projet1\projet1\debug\basegameentity.obj
c:\users\greg\source\repos\projet1\projet1\debug\.netframework,version=v4.5.assemblyattributes.obj
c:\users\greg\source\repos\projet1\projet1\debug\.netframework,version=v4.5.assemblyattributes.asm
c:\users\greg\source\repos\projet1\debug\tp1ia.exe
c:\users\greg\source\repos\projet1\debug\tp1ia.pdb
c:\users\greg\source\repos\projet1\projet1\debug\projet1.modificationagents.resources
c:\users\greg\source\repos\projet1\projet1\debug\projet1.myform1.resources
c:\users\greg\source\repos\projet1\projet1\debug\projet1.vcxproj.generateresource.cache
c:\users\greg\source\repos\projet1\projet1\debug\projet1.vcxprojresolveassemblyreference.cache
c:\users\greg\source\repos\projet1\projet1\debug\.netframework,version=v4.5.assemblyattributes.nativecodeanalysis.xml
c:\users\greg\source\repos\projet1\projet1\debug\basegameentity.nativecodeanalysis.xml
c:\users\greg\source\repos\projet1\projet1\debug\drunk.nativecodeanalysis.xml
c:\users\greg\source\repos\projet1\projet1\debug\drunkownedstates.nativecodeanalysis.xml
c:\users\greg\source\repos\projet1\projet1\debug\entitymanager.nativecodeanalysis.xml
c:\users\greg\source\repos\projet1\projet1\debug\messagedispatcher.nativecodeanalysis.xml
c:\users\greg\source\repos\projet1\projet1\debug\miner.nativecodeanalysis.xml
c:\users\greg\source\repos\projet1\projet1\debug\minerownedstates.nativecodeanalysis.xml
c:\users\greg\source\repos\projet1\projet1\debug\minerswife.nativecodeanalysis.xml
c:\users\greg\source\repos\projet1\projet1\debug\minerswifeownedstates.nativecodeanalysis.xml
c:\users\greg\source\repos\projet1\projet1\debug\myform1.nativecodeanalysis.xml
c:\users\greg\source\repos\projet1\projet1\debug\tp1ia.tlog\cl.command.1.tlog
c:\users\greg\source\repos\projet1\projet1\debug\tp1ia.tlog\cl.read.1.tlog
c:\users\greg\source\repos\projet1\projet1\debug\tp1ia.tlog\cl.write.1.tlog
c:\users\greg\source\repos\projet1\projet1\debug\tp1ia.tlog\link.command.1.tlog
c:\users\greg\source\repos\projet1\projet1\debug\tp1ia.tlog\link.read.1.tlog
c:\users\greg\source\repos\projet1\projet1\debug\tp1ia.tlog\link.write.1.tlog
c:\users\greg\source\repos\projet1\projet1\debug\tp1ia.tlog\metagen.read.1.tlog
c:\users\greg\source\repos\projet1\projet1\debug\tp1ia.tlog\metagen.write.1.tlog
c:\users\greg\source\repos\projet1\projet1\debug\tp1ia.tlog\tp1ia.write.1u.tlog
c:\users\greg\source\repos\projet1\projet1\debug\tp1ia.tlog\tzres.dll.bi
