  BaseGameEntity.cpp
c:\users\greg\documents\uqac\ia jeuvideo\git\tp1ia\projet1\BaseGameEntity.h(14): fatal error C1083: Impossible d'ouvrir le fichier include : 'messaging/Telegram.h' : No such file or directory
  CrudeTimer.cpp
  Drunk.cpp
c:\users\greg\documents\uqac\ia jeuvideo\git\tp1ia\projet1\BaseGameEntity.h(14): fatal error C1083: Impossible d'ouvrir le fichier include : 'messaging/Telegram.h' : No such file or directory
  DrunkOwnedStates.cpp
c:\users\greg\documents\uqac\ia jeuvideo\git\tp1ia\projet1\DrunkOwnedStates.h(13): fatal error C1083: Impossible d'ouvrir le fichier include : 'fsm/State.h' : No such file or directory
  EntityManager.cpp
c:\users\greg\documents\uqac\ia jeuvideo\git\tp1ia\projet1\BaseGameEntity.h(14): fatal error C1083: Impossible d'ouvrir le fichier include : 'messaging/Telegram.h' : No such file or directory
  MessageDispatcher.cpp
c:\users\greg\documents\uqac\ia jeuvideo\git\tp1ia\projet1\MessageDispatcher.h(18): fatal error C1083: Impossible d'ouvrir le fichier include : 'misc/ConsoleUtils.h' : No such file or directory
  Miner.cpp
c:\users\greg\documents\uqac\ia jeuvideo\git\tp1ia\projet1\BaseGameEntity.h(14): fatal error C1083: Impossible d'ouvrir le fichier include : 'messaging/Telegram.h' : No such file or directory
  MinerOwnedStates.cpp
c:\users\greg\documents\uqac\ia jeuvideo\git\tp1ia\projet1\MinerOwnedStates.h(13): fatal error C1083: Impossible d'ouvrir le fichier include : 'fsm/State.h' : No such file or directory
  MinersWife.cpp
c:\users\greg\documents\uqac\ia jeuvideo\git\tp1ia\projet1\MinersWife.h(15): fatal error C1083: Impossible d'ouvrir le fichier include : 'fsm/State.h' : No such file or directory
  MinersWifeOwnedStates.cpp
c:\users\greg\documents\uqac\ia jeuvideo\git\tp1ia\projet1\MinersWifeOwnedStates.h(12): fatal error C1083: Impossible d'ouvrir le fichier include : 'fsm/State.h' : No such file or directory
  ModificationAgents.cpp
c:\users\greg\documents\uqac\ia jeuvideo\git\tp1ia\projet1\BaseGameEntity.h(14): fatal error C1083: Impossible d'ouvrir le fichier include : 'messaging/Telegram.h' : No such file or directory
  MyForm1.cpp
c:\users\greg\documents\uqac\ia jeuvideo\git\tp1ia\projet1\BaseGameEntity.h(14): fatal error C1083: Impossible d'ouvrir le fichier include : 'messaging/Telegram.h' : No such file or directory
  PrecisionTimer.cpp
PrecisionTimer.cpp(1): fatal error C1083: Impossible d'ouvrir le fichier include : 'Time/PrecisionTimer.h' : No such file or directory
  Génération de code en cours...
