c:\users\greg\documents\uqac\ia jeuvideo\git\tp1ia\projet1\x64\debug\vc141.pdb
c:\users\greg\documents\uqac\ia jeuvideo\git\tp1ia\projet1\x64\debug\precisiontimer.obj
c:\users\greg\documents\uqac\ia jeuvideo\git\tp1ia\projet1\x64\debug\modificationagents.obj
c:\users\greg\documents\uqac\ia jeuvideo\git\tp1ia\projet1\x64\debug\minerswife.obj
c:\users\greg\documents\uqac\ia jeuvideo\git\tp1ia\projet1\x64\debug\miner.obj
c:\users\greg\documents\uqac\ia jeuvideo\git\tp1ia\projet1\x64\debug\messagedispatcher.obj
c:\users\greg\documents\uqac\ia jeuvideo\git\tp1ia\projet1\x64\debug\entitymanager.obj
c:\users\greg\documents\uqac\ia jeuvideo\git\tp1ia\projet1\x64\debug\drunk.obj
c:\users\greg\documents\uqac\ia jeuvideo\git\tp1ia\projet1\x64\debug\crudetimer.obj
c:\users\greg\documents\uqac\ia jeuvideo\git\tp1ia\projet1\x64\debug\basegameentity.obj
c:\users\greg\documents\uqac\ia jeuvideo\git\tp1ia\projet1\x64\debug\myform1.obj
c:\users\greg\documents\uqac\ia jeuvideo\git\tp1ia\projet1\x64\debug\minerswifeownedstates.obj
c:\users\greg\documents\uqac\ia jeuvideo\git\tp1ia\projet1\x64\debug\minerownedstates.obj
c:\users\greg\documents\uqac\ia jeuvideo\git\tp1ia\projet1\x64\debug\drunkownedstates.obj
c:\users\greg\documents\uqac\ia jeuvideo\git\tp1ia\projet1\x64\debug\.netframework,version=v4.5.assemblyattributes.obj
c:\users\greg\documents\uqac\ia jeuvideo\git\tp1ia\projet1\x64\debug\.netframework,version=v4.5.assemblyattributes.asm
c:\users\greg\documents\uqac\ia jeuvideo\git\tp1ia\x64\debug\tp1ia.exe
c:\users\greg\documents\uqac\ia jeuvideo\git\tp1ia\x64\debug\tp1ia.pdb
c:\users\greg\documents\uqac\ia jeuvideo\git\tp1ia\projet1\x64\debug\projet1.modificationagents.resources
c:\users\greg\documents\uqac\ia jeuvideo\git\tp1ia\projet1\x64\debug\projet1.myform1.resources
c:\users\greg\documents\uqac\ia jeuvideo\git\tp1ia\projet1\x64\debug\projet1.vcxproj.generateresource.cache
c:\users\greg\documents\uqac\ia jeuvideo\git\tp1ia\projet1\x64\debug\tp1ia.tlog\cl.command.1.tlog
c:\users\greg\documents\uqac\ia jeuvideo\git\tp1ia\projet1\x64\debug\tp1ia.tlog\cl.read.1.tlog
c:\users\greg\documents\uqac\ia jeuvideo\git\tp1ia\projet1\x64\debug\tp1ia.tlog\cl.write.1.tlog
c:\users\greg\documents\uqac\ia jeuvideo\git\tp1ia\projet1\x64\debug\tp1ia.tlog\link.command.1.tlog
c:\users\greg\documents\uqac\ia jeuvideo\git\tp1ia\projet1\x64\debug\tp1ia.tlog\link.read.1.tlog
c:\users\greg\documents\uqac\ia jeuvideo\git\tp1ia\projet1\x64\debug\tp1ia.tlog\link.write.1.tlog
c:\users\greg\documents\uqac\ia jeuvideo\git\tp1ia\projet1\x64\debug\tp1ia.tlog\metagen.read.1.tlog
c:\users\greg\documents\uqac\ia jeuvideo\git\tp1ia\projet1\x64\debug\tp1ia.tlog\metagen.write.1.tlog
c:\users\greg\documents\uqac\ia jeuvideo\git\tp1ia\projet1\x64\debug\tp1ia.tlog\tp1ia.write.1u.tlog
c:\users\greg\documents\uqac\ia jeuvideo\git\tp1ia\projet1\x64\debug\tp1ia.tlog\tzres.dll.bi
