Build started 13/09/2017 08:16:27.
     1>Project "D:\8IAR125 - Intelligence artificielle pour le jeu vidéo\Buckland_PGAIBE_Source_VC6-VS2010\VS2010\Buckland_Chapter2-State Machines\WestWorldWithMessaging\WestWorldWithMessaging.vcxproj" on node 2 (build target(s)).
     1>InitializeBuildStatus:
         Creating ".\Release\WestWorldWithMessaging.unsuccessfulbuild" because "AlwaysCreate" was specified.
       ClCompile:
         C:\Program Files (x86)\Microsoft Visual Studio 10.0\VC\bin\CL.exe /c /Zi /nologo /W3 /WX- /O2 /Ob1 /Oy- /D WIN32 /D NDEBUG /D _CONSOLE /D _VC80_UPGRADE=0x0600 /D _MBCS /GF /Gm- /EHsc /MT /GS /Gy /fp:precise /Zc:wchar_t /Zc:forScope /GR /Fo".\Release/" /Fd".\Release/vc100.pdb" /FR".\Release\\" /Gd /TP /analyze- /errorReport:prompt BaseGameEntity.cpp EntityManager.cpp main.cpp MessageDispatcher.cpp Miner.cpp MinerOwnedStates.cpp MinersWife.cpp MinersWifeOwnedStates.cpp ..\..\Common\Time\CrudeTimer.cpp
         BaseGameEntity.cpp
     1>d:\8iar125 - intelligence artificielle pour le jeu vidéo\buckland_pgaibe_source_vc6-vs2010\vs2010\buckland_chapter2-state machines\westworldwithmessaging\BaseGameEntity.h(14): fatal error C1083: Cannot open include file: 'messaging/Telegram.h': No such file or directory
         EntityManager.cpp
     1>d:\8iar125 - intelligence artificielle pour le jeu vidéo\buckland_pgaibe_source_vc6-vs2010\vs2010\buckland_chapter2-state machines\westworldwithmessaging\BaseGameEntity.h(14): fatal error C1083: Cannot open include file: 'messaging/Telegram.h': No such file or directory
         main.cpp
     1>d:\8iar125 - intelligence artificielle pour le jeu vidéo\buckland_pgaibe_source_vc6-vs2010\vs2010\buckland_chapter2-state machines\westworldwithmessaging\BaseGameEntity.h(14): fatal error C1083: Cannot open include file: 'messaging/Telegram.h': No such file or directory
         MessageDispatcher.cpp
     1>d:\8iar125 - intelligence artificielle pour le jeu vidéo\buckland_pgaibe_source_vc6-vs2010\vs2010\buckland_chapter2-state machines\westworldwithmessaging\MessageDispatcher.h(18): fatal error C1083: Cannot open include file: 'misc/ConsoleUtils.h': No such file or directory
         Miner.cpp
     1>d:\8iar125 - intelligence artificielle pour le jeu vidéo\buckland_pgaibe_source_vc6-vs2010\vs2010\buckland_chapter2-state machines\westworldwithmessaging\BaseGameEntity.h(14): fatal error C1083: Cannot open include file: 'messaging/Telegram.h': No such file or directory
         MinerOwnedStates.cpp
     1>d:\8iar125 - intelligence artificielle pour le jeu vidéo\buckland_pgaibe_source_vc6-vs2010\vs2010\buckland_chapter2-state machines\westworldwithmessaging\MinerOwnedStates.h(13): fatal error C1083: Cannot open include file: 'fsm/State.h': No such file or directory
         MinersWife.cpp
     1>d:\8iar125 - intelligence artificielle pour le jeu vidéo\buckland_pgaibe_source_vc6-vs2010\vs2010\buckland_chapter2-state machines\westworldwithmessaging\MinersWife.h(15): fatal error C1083: Cannot open include file: 'fsm/State.h': No such file or directory
         MinersWifeOwnedStates.cpp
     1>d:\8iar125 - intelligence artificielle pour le jeu vidéo\buckland_pgaibe_source_vc6-vs2010\vs2010\buckland_chapter2-state machines\westworldwithmessaging\MinersWifeOwnedStates.h(12): fatal error C1083: Cannot open include file: 'fsm/State.h': No such file or directory
         CrudeTimer.cpp
         Generating Code...
     1>Done Building Project "D:\8IAR125 - Intelligence artificielle pour le jeu vidéo\Buckland_PGAIBE_Source_VC6-VS2010\VS2010\Buckland_Chapter2-State Machines\WestWorldWithMessaging\WestWorldWithMessaging.vcxproj" (build target(s)) -- FAILED.

Build FAILED.

Time Elapsed 00:00:02.78
